mode: atomic
github.com/kevin-shelaga/skale/helpers/helpers.go:4.62,6.33 2 2
github.com/kevin-shelaga/skale/helpers/helpers.go:11.2,11.15 1 2
github.com/kevin-shelaga/skale/helpers/helpers.go:6.33,7.28 1 6
github.com/kevin-shelaga/skale/helpers/helpers.go:7.28,9.4 1 1
github.com/kevin-shelaga/skale/helpers/helpers.go:15.35,17.33 2 2
github.com/kevin-shelaga/skale/helpers/helpers.go:23.2,23.15 1 2
github.com/kevin-shelaga/skale/helpers/helpers.go:17.33,18.21 1 3
github.com/kevin-shelaga/skale/helpers/helpers.go:18.21,20.9 2 1
github.com/kevin-shelaga/skale/cmd/down.go:35.47,36.29 1 0
github.com/kevin-shelaga/skale/cmd/down.go:39.3,45.32 4 0
github.com/kevin-shelaga/skale/cmd/down.go:36.29,38.4 1 0
github.com/kevin-shelaga/skale/cmd/down.go:45.32,48.4 2 0
github.com/kevin-shelaga/skale/cmd/down.go:52.13,65.2 3 1
github.com/kevin-shelaga/skale/cmd/root.go:45.16,46.42 1 0
github.com/kevin-shelaga/skale/cmd/root.go:46.42,49.3 2 0
github.com/kevin-shelaga/skale/cmd/root.go:52.13,54.2 1 1
github.com/kevin-shelaga/skale/cmd/root.go:57.19,58.19 1 0
github.com/kevin-shelaga/skale/cmd/root.go:74.2,77.45 2 0
github.com/kevin-shelaga/skale/cmd/root.go:58.19,61.3 1 0
github.com/kevin-shelaga/skale/cmd/root.go:61.8,64.17 2 0
github.com/kevin-shelaga/skale/cmd/root.go:70.3,71.32 2 0
github.com/kevin-shelaga/skale/cmd/root.go:64.17,67.4 2 0
github.com/kevin-shelaga/skale/cmd/root.go:77.45,79.3 1 0
github.com/kevin-shelaga/skale/cmd/up.go:35.47,36.29 1 0
github.com/kevin-shelaga/skale/cmd/up.go:39.3,45.32 4 0
github.com/kevin-shelaga/skale/cmd/up.go:36.29,38.4 1 0
github.com/kevin-shelaga/skale/cmd/up.go:45.32,49.4 3 0
github.com/kevin-shelaga/skale/cmd/up.go:53.13,66.2 3 1
